<?xml version="1.0" encoding="UTF-8"?>
<testng-results ignored="0" total="1" passed="1" failed="0" skipped="0">
  <reporter-output>
  </reporter-output>
  <suite started-at="2024-04-27T16:59:15 IST" name="Surefire suite" finished-at="2024-04-27T16:59:20 IST" duration-ms="5437">
    <groups>
    </groups>
    <test started-at="2024-04-27T16:59:15 IST" name="Surefire test" finished-at="2024-04-27T16:59:20 IST" duration-ms="5437">
      <class name="com.pageobjects.sauce.SauceTest">
        <test-method is-config="true" signature="setUp()[pri:0, instance:com.pageobjects.sauce.SauceTest@41e1e210]" started-at="2024-04-27T16:59:15 IST" name="setUp" finished-at="2024-04-27T16:59:20 IST" duration-ms="4693" status="PASS">
          <reporter-output>
          </reporter-output>
        </test-method> <!-- setUp -->
        <test-method signature="testLogin()[pri:0, instance:com.pageobjects.sauce.SauceTest@41e1e210]" started-at="2024-04-27T16:59:20 IST" name="testLogin" finished-at="2024-04-27T16:59:20 IST" duration-ms="465" status="PASS">
          <reporter-output>
          </reporter-output>
        </test-method> <!-- testLogin -->
        <test-method is-config="true" signature="tearDown()[pri:0, instance:com.pageobjects.sauce.SauceTest@41e1e210]" started-at="2024-04-27T16:59:20 IST" name="tearDown" finished-at="2024-04-27T16:59:20 IST" duration-ms="216" status="PASS">
          <reporter-output>
          </reporter-output>
        </test-method> <!-- tearDown -->
      </class> <!-- com.pageobjects.sauce.SauceTest -->
    </test> <!-- Surefire test -->
  </suite> <!-- Surefire suite -->
</testng-results>
