<?xml version="1.0" encoding="UTF-8"?>
<testng-results ignored="0" total="2" passed="2" failed="0" skipped="0">
  <reporter-output>
  </reporter-output>
  <suite started-at="2024-04-30T14:30:53 IST" name="Default suite" finished-at="2024-04-30T14:31:02 IST" duration-ms="9052">
    <groups>
    </groups>
    <test started-at="2024-04-30T14:30:53 IST" name="Default test" finished-at="2024-04-30T14:31:02 IST" duration-ms="9052">
      <class name="com.pageobjects.sauce.Demo">
        <test-method signature="launch()[pri:0, instance:com.pageobjects.sauce.Demo@791f145a]" started-at="2024-04-30T14:30:53 IST" name="launch" finished-at="2024-04-30T14:30:58 IST" duration-ms="4589" status="PASS">
          <reporter-output>
          </reporter-output>
        </test-method> <!-- launch -->
        <test-method signature="product_search()[pri:0, instance:com.pageobjects.sauce.Demo@791f145a]" started-at="2024-04-30T14:30:58 IST" name="product_search" finished-at="2024-04-30T14:31:02 IST" duration-ms="4387" status="PASS">
          <reporter-output>
          </reporter-output>
        </test-method> <!-- product_search -->
      </class> <!-- com.pageobjects.sauce.Demo -->
    </test> <!-- Default test -->
  </suite> <!-- Default suite -->
</testng-results>
